\BOOKMARK [0][-]{chapter.1}{Introduction}{}% 1
\BOOKMARK [0][-]{chapter.2}{Ellipsoidal Calculus}{}% 2
\BOOKMARK [1][-]{section.2.1}{Basic Notions}{chapter.2}% 3
\BOOKMARK [1][-]{section.2.2}{Operations with Ellipsoids}{chapter.2}% 4
\BOOKMARK [0][-]{chapter.3}{Reachability}{}% 5
\BOOKMARK [1][-]{section.3.1}{Basics of Reachability Analysis}{chapter.3}% 6
\BOOKMARK [1][-]{section.3.2}{Ellipsoidal Method}{chapter.3}% 7
\BOOKMARK [0][-]{chapter.4}{Installation}{}% 8
\BOOKMARK [1][-]{section.4.1}{Additional Software}{chapter.4}% 9
\BOOKMARK [1][-]{section.4.2}{Installation and Quick Start}{chapter.4}% 10
\BOOKMARK [0][-]{chapter.5}{Implementation}{}% 11
\BOOKMARK [1][-]{section.5.1}{Operations with ellipsoids}{chapter.5}% 12
\BOOKMARK [1][-]{section.5.2}{Operations with hyperplanes}{chapter.5}% 13
\BOOKMARK [1][-]{section.5.3}{Operations with ellipsoidal tubes}{chapter.5}% 14
\BOOKMARK [1][-]{section.5.4}{Reachability}{chapter.5}% 15
\BOOKMARK [1][-]{section.5.5}{Properties}{chapter.5}% 16
\BOOKMARK [1][-]{section.5.6}{Visualization}{chapter.5}% 17
\BOOKMARK [0][-]{chapter.6}{Examples}{}% 18
\BOOKMARK [1][-]{section.6.1}{Ellipsoids vs. Polytopes}{chapter.6}% 19
\BOOKMARK [1][-]{section.6.2}{System with Disturbance}{chapter.6}% 20
\BOOKMARK [1][-]{section.6.3}{Switched System}{chapter.6}% 21
\BOOKMARK [1][-]{section.6.4}{Hybrid System}{chapter.6}% 22
\BOOKMARK [0][-]{chapter.7}{Summary and Outlook}{}% 23
\BOOKMARK [0][-]{chapter.8}{Acknowledgement}{}% 24
\BOOKMARK [0][-]{chapter.9}{Function Reference}{}% 25
\BOOKMARK [1][-]{section.9.1}{ellipsoid}{chapter.9}% 26
\BOOKMARK [1][-]{section.9.2}{hyperplane}{chapter.9}% 27
\BOOKMARK [1][-]{section.9.3}{elltool.conf.Properties}{chapter.9}% 28
\BOOKMARK [1][-]{section.9.4}{elltool.core.GenEllipsoid}{chapter.9}% 29
\BOOKMARK [1][-]{section.9.5}{smartdb.relations.ATypifiedStaticRelation}{chapter.9}% 30
\BOOKMARK [1][-]{section.9.6}{gras.ellapx.smartdb.rels.EllTube}{chapter.9}% 31
\BOOKMARK [1][-]{section.9.7}{gras.ellapx.smartdb.rels.EllTubeProj}{chapter.9}% 32
\BOOKMARK [1][-]{section.9.8}{gras.ellapx.smartdb.rels.EllUnionTube}{chapter.9}% 33
\BOOKMARK [1][-]{section.9.9}{gras.ellapx.smartdb.rels.EllUnionTubeStaticProj}{chapter.9}% 34
\BOOKMARK [1][-]{section.9.10}{elltool.reach.AReach}{chapter.9}% 35
\BOOKMARK [1][-]{section.9.11}{elltool.reach.ReachContinuous}{chapter.9}% 36
\BOOKMARK [1][-]{section.9.12}{elltool.reach.ReachDiscrete}{chapter.9}% 37
\BOOKMARK [1][-]{section.9.13}{elltool.reach.ReachFactory}{chapter.9}% 38
\BOOKMARK [1][-]{section.9.14}{elltool.linsys.ALinSys}{chapter.9}% 39
\BOOKMARK [1][-]{section.9.15}{elltool.linsys.LinSysContinuous}{chapter.9}% 40
\BOOKMARK [1][-]{section.9.16}{elltool.linsys.LinSysDiscrete}{chapter.9}% 41
\BOOKMARK [1][-]{section.9.17}{elltool.linsys.LinSysFactory}{chapter.9}% 42
\BOOKMARK [0][-]{chapter.10}{Indices and tables}{}% 43
