\BOOKMARK [0][-]{chapter.1}{Introduction}{}% 1
\BOOKMARK [0][-]{chapter.2}{Ellipsoidal Calculus}{}% 2
\BOOKMARK [1][-]{section.2.1}{Basic Notions}{chapter.2}% 3
\BOOKMARK [1][-]{section.2.2}{Operations with Ellipsoids}{chapter.2}% 4
\BOOKMARK [2][-]{subsection.2.2.1}{Affine Transformation}{section.2.2}% 5
\BOOKMARK [2][-]{subsection.2.2.2}{Geometric Sum}{section.2.2}% 6
\BOOKMARK [2][-]{subsection.2.2.3}{Geometric Difference}{section.2.2}% 7
\BOOKMARK [2][-]{subsection.2.2.4}{Geometric Difference-Sum}{section.2.2}% 8
\BOOKMARK [2][-]{subsection.2.2.5}{Geometric Sum-Difference}{section.2.2}% 9
\BOOKMARK [2][-]{subsection.2.2.6}{Intersection of Ellipsoid and Hyperplane}{section.2.2}% 10
\BOOKMARK [2][-]{subsection.2.2.7}{Intersection of Ellipsoid and Ellipsoid}{section.2.2}% 11
\BOOKMARK [2][-]{subsection.2.2.8}{Intersection of Ellipsoid and Halfspace}{section.2.2}% 12
\BOOKMARK [2][-]{subsection.2.2.9}{Checking if enc}{section.2.2}% 13
\BOOKMARK [2][-]{subsection.2.2.10}{Minimum Volume Ellipsoids}{section.2.2}% 14
\BOOKMARK [2][-]{subsection.2.2.11}{Maximum Volume Ellipsoids}{section.2.2}% 15
\BOOKMARK [0][-]{chapter.3}{Reachability}{}% 16
\BOOKMARK [1][-]{section.3.1}{Basics of Reachability Analysis}{chapter.3}% 17
\BOOKMARK [2][-]{subsection.3.1.1}{Systems without disturbances}{section.3.1}% 18
\BOOKMARK [2][-]{subsection.3.1.2}{Systems with disturbances}{section.3.1}% 19
\BOOKMARK [2][-]{subsection.3.1.3}{Reachability problem}{section.3.1}% 20
\BOOKMARK [1][-]{section.3.2}{Ellipsoidal Method}{chapter.3}% 21
\BOOKMARK [2][-]{subsection.3.2.1}{Continuous-time systems}{section.3.2}% 22
\BOOKMARK [2][-]{subsection.3.2.2}{Discrete-time systems}{section.3.2}% 23
\BOOKMARK [0][-]{chapter.4}{Installation}{}% 24
\BOOKMARK [1][-]{section.4.1}{Additional Software}{chapter.4}% 25
\BOOKMARK [2][-]{subsection.4.1.1}{CVX}{section.4.1}% 26
\BOOKMARK [2][-]{subsection.4.1.2}{MPT}{section.4.1}% 27
\BOOKMARK [1][-]{section.4.2}{Installation and Quick Start}{chapter.4}% 28
\BOOKMARK [0][-]{chapter.5}{Implementation}{}% 29
\BOOKMARK [1][-]{section.5.1}{Operations with ellipsoids}{chapter.5}% 30
\BOOKMARK [1][-]{section.5.2}{Operations with hyperplanes}{chapter.5}% 31
\BOOKMARK [1][-]{section.5.3}{Operations with ellipsoidal tubes}{chapter.5}% 32
\BOOKMARK [1][-]{section.5.4}{Reachability}{chapter.5}% 33
\BOOKMARK [1][-]{section.5.5}{Properties}{chapter.5}% 34
\BOOKMARK [1][-]{section.5.6}{Visualization}{chapter.5}% 35
\BOOKMARK [0][-]{chapter.6}{Examples}{}% 36
\BOOKMARK [1][-]{section.6.1}{Ellipsoids vs. Polytopes}{chapter.6}% 37
\BOOKMARK [1][-]{section.6.2}{System with Disturbance}{chapter.6}% 38
\BOOKMARK [1][-]{section.6.3}{Switched System}{chapter.6}% 39
\BOOKMARK [1][-]{section.6.4}{Hybrid System}{chapter.6}% 40
\BOOKMARK [0][-]{chapter.7}{Summary and Outlook}{}% 41
\BOOKMARK [0][-]{chapter*.17}{Acknowledgement}{}% 42
\BOOKMARK [0][-]{chapter*.17}{Bibliography}{}% 43
\BOOKMARK [0][-]{appendix.A}{Function Reference}{}% 44
\BOOKMARK [1][-]{section.A.1}{ellipsoid}{appendix.A}% 45
\BOOKMARK [2][-]{subsection.A.1.1}{calcGrid}{section.A.1}% 46
\BOOKMARK [2][-]{subsection.A.1.2}{checkIsMe}{section.A.1}% 47
\BOOKMARK [2][-]{subsection.A.1.3}{contents}{section.A.1}% 48
\BOOKMARK [2][-]{subsection.A.1.4}{dimension}{section.A.1}% 49
\BOOKMARK [2][-]{subsection.A.1.5}{disp}{section.A.1}% 50
\BOOKMARK [2][-]{subsection.A.1.6}{display}{section.A.1}% 51
\BOOKMARK [2][-]{subsection.A.1.7}{distance}{section.A.1}% 52
\BOOKMARK [2][-]{subsection.A.1.8}{doesContain}{section.A.1}% 53
\BOOKMARK [2][-]{subsection.A.1.9}{doesIntersectionContain}{section.A.1}% 54
\BOOKMARK [2][-]{subsection.A.1.10}{double}{section.A.1}% 55
\BOOKMARK [2][-]{subsection.A.1.11}{ellbndr\1372d}{section.A.1}% 56
\BOOKMARK [2][-]{subsection.A.1.12}{ellbndr\1373d}{section.A.1}% 57
\BOOKMARK [2][-]{subsection.A.1.13}{ellintersection\137ia}{section.A.1}% 58
\BOOKMARK [2][-]{subsection.A.1.14}{ellipsoid}{section.A.1}% 59
\BOOKMARK [2][-]{subsection.A.1.15}{ellunion\137ea}{section.A.1}% 60
\BOOKMARK [2][-]{subsection.A.1.16}{fromRepMat}{section.A.1}% 61
\BOOKMARK [2][-]{subsection.A.1.17}{fromStruct}{section.A.1}% 62
\BOOKMARK [2][-]{subsection.A.1.18}{getAbsTol}{section.A.1}% 63
\BOOKMARK [2][-]{subsection.A.1.19}{getBoundary}{section.A.1}% 64
\BOOKMARK [2][-]{subsection.A.1.20}{getBoundaryByFactor}{section.A.1}% 65
\BOOKMARK [2][-]{subsection.A.1.21}{getCenterVec}{section.A.1}% 66
\BOOKMARK [2][-]{subsection.A.1.22}{getCopy}{section.A.1}% 67
\BOOKMARK [2][-]{subsection.A.1.23}{getInv}{section.A.1}% 68
\BOOKMARK [2][-]{subsection.A.1.24}{getMove2Origin}{section.A.1}% 69
\BOOKMARK [2][-]{subsection.A.1.25}{getNPlot2dPoints}{section.A.1}% 70
\BOOKMARK [2][-]{subsection.A.1.26}{getNPlot3dPoints}{section.A.1}% 71
\BOOKMARK [2][-]{subsection.A.1.27}{getProjection}{section.A.1}% 72
\BOOKMARK [2][-]{subsection.A.1.28}{getRelTol}{section.A.1}% 73
\BOOKMARK [2][-]{subsection.A.1.29}{getShape}{section.A.1}% 74
\BOOKMARK [2][-]{subsection.A.1.30}{getShapeMat}{section.A.1}% 75
\BOOKMARK [2][-]{subsection.A.1.31}{hpintersection}{section.A.1}% 76
\BOOKMARK [2][-]{subsection.A.1.32}{intersect}{section.A.1}% 77
\BOOKMARK [2][-]{subsection.A.1.33}{intersection\137ea}{section.A.1}% 78
\BOOKMARK [2][-]{subsection.A.1.34}{intersection\137ia}{section.A.1}% 79
\BOOKMARK [2][-]{subsection.A.1.35}{inv}{section.A.1}% 80
\BOOKMARK [2][-]{subsection.A.1.36}{isEmpty}{section.A.1}% 81
\BOOKMARK [2][-]{subsection.A.1.37}{isEqual}{section.A.1}% 82
\BOOKMARK [2][-]{subsection.A.1.38}{isInside}{section.A.1}% 83
\BOOKMARK [2][-]{subsection.A.1.39}{isbaddirection}{section.A.1}% 84
\BOOKMARK [2][-]{subsection.A.1.40}{isbigger}{section.A.1}% 85
\BOOKMARK [2][-]{subsection.A.1.41}{isdegenerate}{section.A.1}% 86
\BOOKMARK [2][-]{subsection.A.1.42}{isinternal}{section.A.1}% 87
\BOOKMARK [2][-]{subsection.A.1.43}{maxeig}{section.A.1}% 88
\BOOKMARK [2][-]{subsection.A.1.44}{mineig}{section.A.1}% 89
\BOOKMARK [2][-]{subsection.A.1.45}{minkCommonAction}{section.A.1}% 90
\BOOKMARK [2][-]{subsection.A.1.46}{minkdiff}{section.A.1}% 91
\BOOKMARK [2][-]{subsection.A.1.47}{minkdiff\137ea}{section.A.1}% 92
\BOOKMARK [2][-]{subsection.A.1.48}{minkdiff\137ia}{section.A.1}% 93
\BOOKMARK [2][-]{subsection.A.1.49}{minkmp}{section.A.1}% 94
\BOOKMARK [2][-]{subsection.A.1.50}{minkmp\137ea}{section.A.1}% 95
\BOOKMARK [2][-]{subsection.A.1.51}{minkmp\137ia}{section.A.1}% 96
\BOOKMARK [2][-]{subsection.A.1.52}{minkpm}{section.A.1}% 97
\BOOKMARK [2][-]{subsection.A.1.53}{minkpm\137ea}{section.A.1}% 98
\BOOKMARK [2][-]{subsection.A.1.54}{minkpm\137ia}{section.A.1}% 99
\BOOKMARK [2][-]{subsection.A.1.55}{minksum}{section.A.1}% 100
\BOOKMARK [2][-]{subsection.A.1.56}{minksum\137ea}{section.A.1}% 101
\BOOKMARK [2][-]{subsection.A.1.57}{minksum\137ia}{section.A.1}% 102
\BOOKMARK [2][-]{subsection.A.1.58}{minus}{section.A.1}% 103
\BOOKMARK [2][-]{subsection.A.1.59}{move2origin}{section.A.1}% 104
\BOOKMARK [2][-]{subsection.A.1.60}{mtimes}{section.A.1}% 105
\BOOKMARK [2][-]{subsection.A.1.61}{parameters}{section.A.1}% 106
\BOOKMARK [2][-]{subsection.A.1.62}{plot}{section.A.1}% 107
\BOOKMARK [2][-]{subsection.A.1.63}{plus}{section.A.1}% 108
\BOOKMARK [2][-]{subsection.A.1.64}{polar}{section.A.1}% 109
\BOOKMARK [2][-]{subsection.A.1.65}{projection}{section.A.1}% 110
\BOOKMARK [2][-]{subsection.A.1.66}{repMat}{section.A.1}% 111
\BOOKMARK [2][-]{subsection.A.1.67}{rho}{section.A.1}% 112
\BOOKMARK [2][-]{subsection.A.1.68}{shape}{section.A.1}% 113
\BOOKMARK [2][-]{subsection.A.1.69}{toPolytope}{section.A.1}% 114
\BOOKMARK [2][-]{subsection.A.1.70}{toStruct}{section.A.1}% 115
\BOOKMARK [2][-]{subsection.A.1.71}{trace}{section.A.1}% 116
\BOOKMARK [2][-]{subsection.A.1.72}{uminus}{section.A.1}% 117
\BOOKMARK [2][-]{subsection.A.1.73}{volume}{section.A.1}% 118
\BOOKMARK [1][-]{section.A.2}{hyperplane}{appendix.A}% 119
\BOOKMARK [2][-]{subsection.A.2.1}{checkIsMe}{section.A.2}% 120
\BOOKMARK [2][-]{subsection.A.2.2}{contains}{section.A.2}% 121
\BOOKMARK [2][-]{subsection.A.2.3}{contents}{section.A.2}% 122
\BOOKMARK [2][-]{subsection.A.2.4}{dimension}{section.A.2}% 123
\BOOKMARK [2][-]{subsection.A.2.5}{display}{section.A.2}% 124
\BOOKMARK [2][-]{subsection.A.2.6}{double}{section.A.2}% 125
\BOOKMARK [2][-]{subsection.A.2.7}{fromRepMat}{section.A.2}% 126
\BOOKMARK [2][-]{subsection.A.2.8}{fromStruct}{section.A.2}% 127
\BOOKMARK [2][-]{subsection.A.2.9}{getAbsTol}{section.A.2}% 128
\BOOKMARK [2][-]{subsection.A.2.10}{getCopy}{section.A.2}% 129
\BOOKMARK [2][-]{subsection.A.2.11}{getProperty}{section.A.2}% 130
\BOOKMARK [2][-]{subsection.A.2.12}{getRelTol}{section.A.2}% 131
\BOOKMARK [2][-]{subsection.A.2.13}{hyperplane}{section.A.2}% 132
\BOOKMARK [2][-]{subsection.A.2.14}{isEmpty}{section.A.2}% 133
\BOOKMARK [2][-]{subsection.A.2.15}{isEqual}{section.A.2}% 134
\BOOKMARK [2][-]{subsection.A.2.16}{isparallel}{section.A.2}% 135
\BOOKMARK [2][-]{subsection.A.2.17}{parameters}{section.A.2}% 136
\BOOKMARK [2][-]{subsection.A.2.18}{plot}{section.A.2}% 137
\BOOKMARK [2][-]{subsection.A.2.19}{toStruct}{section.A.2}% 138
\BOOKMARK [2][-]{subsection.A.2.20}{uminus}{section.A.2}% 139
\BOOKMARK [1][-]{section.A.3}{elltool.conf.Properties}{appendix.A}% 140
\BOOKMARK [2][-]{subsection.A.3.1}{Properties}{section.A.3}% 141
\BOOKMARK [2][-]{subsection.A.3.2}{checkSettings}{section.A.3}% 142
\BOOKMARK [2][-]{subsection.A.3.3}{getAbsTol}{section.A.3}% 143
\BOOKMARK [2][-]{subsection.A.3.4}{getConfRepoMgr}{section.A.3}% 144
\BOOKMARK [2][-]{subsection.A.3.5}{getIsEnabledOdeSolverOptions}{section.A.3}% 145
\BOOKMARK [2][-]{subsection.A.3.6}{getIsODENormControl}{section.A.3}% 146
\BOOKMARK [2][-]{subsection.A.3.7}{getIsVerbose}{section.A.3}% 147
\BOOKMARK [2][-]{subsection.A.3.8}{getNPlot2dPoints}{section.A.3}% 148
\BOOKMARK [2][-]{subsection.A.3.9}{getNPlot3dPoints}{section.A.3}% 149
\BOOKMARK [2][-]{subsection.A.3.10}{getNTimeGridPoints}{section.A.3}% 150
\BOOKMARK [2][-]{subsection.A.3.11}{getODESolverName}{section.A.3}% 151
\BOOKMARK [2][-]{subsection.A.3.12}{getPropStruct}{section.A.3}% 152
\BOOKMARK [2][-]{subsection.A.3.13}{getRegTol}{section.A.3}% 153
\BOOKMARK [2][-]{subsection.A.3.14}{getRelTol}{section.A.3}% 154
\BOOKMARK [2][-]{subsection.A.3.15}{getVersion}{section.A.3}% 155
\BOOKMARK [2][-]{subsection.A.3.16}{init}{section.A.3}% 156
\BOOKMARK [2][-]{subsection.A.3.17}{parseProp}{section.A.3}% 157
\BOOKMARK [2][-]{subsection.A.3.18}{setConfRepoMgr}{section.A.3}% 158
\BOOKMARK [2][-]{subsection.A.3.19}{setIsVerbose}{section.A.3}% 159
\BOOKMARK [2][-]{subsection.A.3.20}{setNPlot2dPoints}{section.A.3}% 160
\BOOKMARK [2][-]{subsection.A.3.21}{setNTimeGridPoints}{section.A.3}% 161
\BOOKMARK [2][-]{subsection.A.3.22}{setRelTol}{section.A.3}% 162
\BOOKMARK [1][-]{section.A.4}{elltool.core.GenEllipsoid}{appendix.A}% 163
\BOOKMARK [2][-]{subsection.A.4.1}{GenEllipsoid}{section.A.4}% 164
\BOOKMARK [2][-]{subsection.A.4.2}{dimension}{section.A.4}% 165
\BOOKMARK [2][-]{subsection.A.4.3}{display}{section.A.4}% 166
\BOOKMARK [2][-]{subsection.A.4.4}{getCenter}{section.A.4}% 167
\BOOKMARK [2][-]{subsection.A.4.5}{getCheckTol}{section.A.4}% 168
\BOOKMARK [2][-]{subsection.A.4.6}{getDiagMat}{section.A.4}% 169
\BOOKMARK [2][-]{subsection.A.4.7}{getEigvMat}{section.A.4}% 170
\BOOKMARK [2][-]{subsection.A.4.8}{getIsGoodDir}{section.A.4}% 171
\BOOKMARK [2][-]{subsection.A.4.9}{inv}{section.A.4}% 172
\BOOKMARK [2][-]{subsection.A.4.10}{minkDiffEa}{section.A.4}% 173
\BOOKMARK [2][-]{subsection.A.4.11}{minkDiffIa}{section.A.4}% 174
\BOOKMARK [2][-]{subsection.A.4.12}{minkSumEa}{section.A.4}% 175
\BOOKMARK [2][-]{subsection.A.4.13}{minkSumIa}{section.A.4}% 176
\BOOKMARK [2][-]{subsection.A.4.14}{plot}{section.A.4}% 177
\BOOKMARK [2][-]{subsection.A.4.15}{rho}{section.A.4}% 178
\BOOKMARK [1][-]{section.A.5}{smartdb.relations.ATypifiedStaticRelation}{appendix.A}% 179
\BOOKMARK [2][-]{subsection.A.5.1}{ATypifiedStaticRelation}{section.A.5}% 180
\BOOKMARK [2][-]{subsection.A.5.2}{addData}{section.A.5}% 181
\BOOKMARK [2][-]{subsection.A.5.3}{addDataAlongDim}{section.A.5}% 182
\BOOKMARK [2][-]{subsection.A.5.4}{addTuples}{section.A.5}% 183
\BOOKMARK [2][-]{subsection.A.5.5}{applyGetFunc}{section.A.5}% 184
\BOOKMARK [2][-]{subsection.A.5.6}{applySetFunc}{section.A.5}% 185
\BOOKMARK [2][-]{subsection.A.5.7}{applyTupleGetFunc}{section.A.5}% 186
\BOOKMARK [2][-]{subsection.A.5.8}{clearData}{section.A.5}% 187
\BOOKMARK [2][-]{subsection.A.5.9}{clone}{section.A.5}% 188
\BOOKMARK [2][-]{subsection.A.5.10}{copyFrom}{section.A.5}% 189
\BOOKMARK [2][-]{subsection.A.5.11}{createInstance}{section.A.5}% 190
\BOOKMARK [2][-]{subsection.A.5.12}{dispOnUI}{section.A.5}% 191
\BOOKMARK [2][-]{subsection.A.5.13}{display}{section.A.5}% 192
\BOOKMARK [2][-]{subsection.A.5.14}{fromStructList}{section.A.5}% 193
\BOOKMARK [2][-]{subsection.A.5.15}{getCopy}{section.A.5}% 194
\BOOKMARK [2][-]{subsection.A.5.16}{getData}{section.A.5}% 195
\BOOKMARK [2][-]{subsection.A.5.17}{getFieldDescrList}{section.A.5}% 196
\BOOKMARK [2][-]{subsection.A.5.18}{getFieldIsNull}{section.A.5}% 197
\BOOKMARK [2][-]{subsection.A.5.19}{getFieldIsValueNull}{section.A.5}% 198
\BOOKMARK [2][-]{subsection.A.5.20}{getFieldNameList}{section.A.5}% 199
\BOOKMARK [2][-]{subsection.A.5.21}{getFieldProjection}{section.A.5}% 200
\BOOKMARK [2][-]{subsection.A.5.22}{getFieldTypeList}{section.A.5}% 201
\BOOKMARK [2][-]{subsection.A.5.23}{getFieldTypeSpecList}{section.A.5}% 202
\BOOKMARK [2][-]{subsection.A.5.24}{getFieldValueSizeMat}{section.A.5}% 203
\BOOKMARK [2][-]{subsection.A.5.25}{getIsFieldValueNull}{section.A.5}% 204
\BOOKMARK [2][-]{subsection.A.5.26}{getJoinWith}{section.A.5}% 205
\BOOKMARK [2][-]{subsection.A.5.27}{getMinDimensionSize}{section.A.5}% 206
\BOOKMARK [2][-]{subsection.A.5.28}{getMinDimensionality}{section.A.5}% 207
\BOOKMARK [2][-]{subsection.A.5.29}{getNElems}{section.A.5}% 208
\BOOKMARK [2][-]{subsection.A.5.30}{getNFields}{section.A.5}% 209
\BOOKMARK [2][-]{subsection.A.5.31}{getNTuples}{section.A.5}% 210
\BOOKMARK [2][-]{subsection.A.5.32}{getSortIndex}{section.A.5}% 211
\BOOKMARK [2][-]{subsection.A.5.33}{getTuples}{section.A.5}% 212
\BOOKMARK [2][-]{subsection.A.5.34}{getTuplesFilteredBy}{section.A.5}% 213
\BOOKMARK [2][-]{subsection.A.5.35}{getTuplesIndexedBy}{section.A.5}% 214
\BOOKMARK [2][-]{subsection.A.5.36}{getTuplesJoinedWith}{section.A.5}% 215
\BOOKMARK [2][-]{subsection.A.5.37}{getUniqueData}{section.A.5}% 216
\BOOKMARK [2][-]{subsection.A.5.38}{getUniqueDataAlongDim}{section.A.5}% 217
\BOOKMARK [2][-]{subsection.A.5.39}{getUniqueTuples}{section.A.5}% 218
\BOOKMARK [2][-]{subsection.A.5.40}{initByEmptyDataSet}{section.A.5}% 219
\BOOKMARK [2][-]{subsection.A.5.41}{initByNullDataSet}{section.A.5}% 220
\BOOKMARK [2][-]{subsection.A.5.42}{isEqual}{section.A.5}% 221
\BOOKMARK [2][-]{subsection.A.5.43}{isFields}{section.A.5}% 222
\BOOKMARK [2][-]{subsection.A.5.44}{isMemberAlongDim}{section.A.5}% 223
\BOOKMARK [2][-]{subsection.A.5.45}{isMemberTuples}{section.A.5}% 224
\BOOKMARK [2][-]{subsection.A.5.46}{isUniqueKey}{section.A.5}% 225
\BOOKMARK [2][-]{subsection.A.5.47}{isequal}{section.A.5}% 226
\BOOKMARK [2][-]{subsection.A.5.48}{removeDuplicateTuples}{section.A.5}% 227
\BOOKMARK [2][-]{subsection.A.5.49}{removeTuples}{section.A.5}% 228
\BOOKMARK [2][-]{subsection.A.5.50}{reorderData}{section.A.5}% 229
\BOOKMARK [2][-]{subsection.A.5.51}{saveObj}{section.A.5}% 230
\BOOKMARK [2][-]{subsection.A.5.52}{setData}{section.A.5}% 231
\BOOKMARK [2][-]{subsection.A.5.53}{setField}{section.A.5}% 232
\BOOKMARK [2][-]{subsection.A.5.54}{sortBy}{section.A.5}% 233
\BOOKMARK [2][-]{subsection.A.5.55}{sortByAlongDim}{section.A.5}% 234
\BOOKMARK [2][-]{subsection.A.5.56}{toArray}{section.A.5}% 235
\BOOKMARK [2][-]{subsection.A.5.57}{toCell}{section.A.5}% 236
\BOOKMARK [2][-]{subsection.A.5.58}{toCellIsNull}{section.A.5}% 237
\BOOKMARK [2][-]{subsection.A.5.59}{toDispCell}{section.A.5}% 238
\BOOKMARK [2][-]{subsection.A.5.60}{toMat}{section.A.5}% 239
\BOOKMARK [2][-]{subsection.A.5.61}{toStruct}{section.A.5}% 240
\BOOKMARK [2][-]{subsection.A.5.62}{unionWith}{section.A.5}% 241
\BOOKMARK [2][-]{subsection.A.5.63}{unionWithAlongDim}{section.A.5}% 242
\BOOKMARK [2][-]{subsection.A.5.64}{writeToCSV}{section.A.5}% 243
\BOOKMARK [2][-]{subsection.A.5.65}{writeToXLS}{section.A.5}% 244
\BOOKMARK [1][-]{section.A.6}{gras.ellapx.smartdb.rels.EllTube}{appendix.A}% 245
\BOOKMARK [2][-]{subsection.A.6.1}{EllTube}{section.A.6}% 246
\BOOKMARK [2][-]{subsection.A.6.2}{cat}{section.A.6}% 247
\BOOKMARK [2][-]{subsection.A.6.3}{cut}{section.A.6}% 248
\BOOKMARK [2][-]{subsection.A.6.4}{fromEllArray}{section.A.6}% 249
\BOOKMARK [2][-]{subsection.A.6.5}{fromEllMArray}{section.A.6}% 250
\BOOKMARK [2][-]{subsection.A.6.6}{fromQArrays}{section.A.6}% 251
\BOOKMARK [2][-]{subsection.A.6.7}{fromQMArrays}{section.A.6}% 252
\BOOKMARK [2][-]{subsection.A.6.8}{fromQMScaledArrays}{section.A.6}% 253
\BOOKMARK [2][-]{subsection.A.6.9}{getData}{section.A.6}% 254
\BOOKMARK [2][-]{subsection.A.6.10}{getEllArray}{section.A.6}% 255
\BOOKMARK [2][-]{subsection.A.6.11}{getJoinWith}{section.A.6}% 256
\BOOKMARK [2][-]{subsection.A.6.12}{getNoCatOrCutFieldsList}{section.A.6}% 257
\BOOKMARK [2][-]{subsection.A.6.13}{interp}{section.A.6}% 258
\BOOKMARK [2][-]{subsection.A.6.14}{isEqual}{section.A.6}% 259
\BOOKMARK [2][-]{subsection.A.6.15}{plot}{section.A.6}% 260
\BOOKMARK [2][-]{subsection.A.6.16}{project}{section.A.6}% 261
\BOOKMARK [2][-]{subsection.A.6.17}{projectStatic}{section.A.6}% 262
\BOOKMARK [2][-]{subsection.A.6.18}{projectToOrths}{section.A.6}% 263
\BOOKMARK [2][-]{subsection.A.6.19}{scale}{section.A.6}% 264
\BOOKMARK [2][-]{subsection.A.6.20}{sortDetermenistically}{section.A.6}% 265
\BOOKMARK [2][-]{subsection.A.6.21}{thinOutTuples}{section.A.6}% 266
\BOOKMARK [1][-]{section.A.7}{gras.ellapx.smartdb.rels.EllTubeProj}{appendix.A}% 267
\BOOKMARK [2][-]{subsection.A.7.1}{EllTubeProj}{section.A.7}% 268
\BOOKMARK [2][-]{subsection.A.7.2}{cut}{section.A.7}% 269
\BOOKMARK [2][-]{subsection.A.7.3}{getData}{section.A.7}% 270
\BOOKMARK [2][-]{subsection.A.7.4}{getEllArray}{section.A.7}% 271
\BOOKMARK [2][-]{subsection.A.7.5}{getJoinWith}{section.A.7}% 272
\BOOKMARK [2][-]{subsection.A.7.6}{getNoCatOrCutFieldsList}{section.A.7}% 273
\BOOKMARK [2][-]{subsection.A.7.7}{getReachTubeNamePrefix}{section.A.7}% 274
\BOOKMARK [2][-]{subsection.A.7.8}{getRegTubeNamePrefix}{section.A.7}% 275
\BOOKMARK [2][-]{subsection.A.7.9}{interp}{section.A.7}% 276
\BOOKMARK [2][-]{subsection.A.7.10}{isEqual}{section.A.7}% 277
\BOOKMARK [2][-]{subsection.A.7.11}{plot}{section.A.7}% 278
\BOOKMARK [2][-]{subsection.A.7.12}{plotExt}{section.A.7}% 279
\BOOKMARK [2][-]{subsection.A.7.13}{plotInt}{section.A.7}% 280
\BOOKMARK [2][-]{subsection.A.7.14}{projMat2str}{section.A.7}% 281
\BOOKMARK [2][-]{subsection.A.7.15}{projRow2str}{section.A.7}% 282
\BOOKMARK [2][-]{subsection.A.7.16}{sortDetermenistically}{section.A.7}% 283
\BOOKMARK [2][-]{subsection.A.7.17}{thinOutTuples}{section.A.7}% 284
\BOOKMARK [1][-]{section.A.8}{gras.ellapx.smartdb.rels.EllUnionTube}{appendix.A}% 285
\BOOKMARK [2][-]{subsection.A.8.1}{EllUnionTube}{section.A.8}% 286
\BOOKMARK [2][-]{subsection.A.8.2}{cut}{section.A.8}% 287
\BOOKMARK [2][-]{subsection.A.8.3}{fromEllTubes}{section.A.8}% 288
\BOOKMARK [2][-]{subsection.A.8.4}{getData}{section.A.8}% 289
\BOOKMARK [2][-]{subsection.A.8.5}{getEllArray}{section.A.8}% 290
\BOOKMARK [2][-]{subsection.A.8.6}{getJoinWith}{section.A.8}% 291
\BOOKMARK [2][-]{subsection.A.8.7}{getNoCatOrCutFieldsList}{section.A.8}% 292
\BOOKMARK [2][-]{subsection.A.8.8}{interp}{section.A.8}% 293
\BOOKMARK [2][-]{subsection.A.8.9}{isEqual}{section.A.8}% 294
\BOOKMARK [2][-]{subsection.A.8.10}{project}{section.A.8}% 295
\BOOKMARK [2][-]{subsection.A.8.11}{projectStatic}{section.A.8}% 296
\BOOKMARK [2][-]{subsection.A.8.12}{sortDetermenistically}{section.A.8}% 297
\BOOKMARK [2][-]{subsection.A.8.13}{thinOutTuples}{section.A.8}% 298
\BOOKMARK [1][-]{section.A.9}{gras.ellapx.smartdb.rels.EllUnionTubeStaticProj}{appendix.A}% 299
\BOOKMARK [2][-]{subsection.A.9.1}{EllUnionTubeStaticProj}{section.A.9}% 300
\BOOKMARK [2][-]{subsection.A.9.2}{cut}{section.A.9}% 301
\BOOKMARK [2][-]{subsection.A.9.3}{fromEllTubes}{section.A.9}% 302
\BOOKMARK [2][-]{subsection.A.9.4}{getData}{section.A.9}% 303
\BOOKMARK [2][-]{subsection.A.9.5}{getEllArray}{section.A.9}% 304
\BOOKMARK [2][-]{subsection.A.9.6}{getJoinWith}{section.A.9}% 305
\BOOKMARK [2][-]{subsection.A.9.7}{getNoCatOrCutFieldsList}{section.A.9}% 306
\BOOKMARK [2][-]{subsection.A.9.8}{getReachTubeNamePrefix}{section.A.9}% 307
\BOOKMARK [2][-]{subsection.A.9.9}{getRegTubeNamePrefix}{section.A.9}% 308
\BOOKMARK [2][-]{subsection.A.9.10}{interp}{section.A.9}% 309
\BOOKMARK [2][-]{subsection.A.9.11}{isEqual}{section.A.9}% 310
\BOOKMARK [2][-]{subsection.A.9.12}{plot}{section.A.9}% 311
\BOOKMARK [2][-]{subsection.A.9.13}{plotExt}{section.A.9}% 312
\BOOKMARK [2][-]{subsection.A.9.14}{plotInt}{section.A.9}% 313
\BOOKMARK [2][-]{subsection.A.9.15}{projMat2str}{section.A.9}% 314
\BOOKMARK [2][-]{subsection.A.9.16}{projRow2str}{section.A.9}% 315
\BOOKMARK [2][-]{subsection.A.9.17}{sortDetermenistically}{section.A.9}% 316
\BOOKMARK [2][-]{subsection.A.9.18}{thinOutTuples}{section.A.9}% 317
\BOOKMARK [1][-]{section.A.10}{elltool.reach.AReach}{appendix.A}% 318
\BOOKMARK [2][-]{subsection.A.10.1}{AReach}{section.A.10}% 319
\BOOKMARK [2][-]{subsection.A.10.2}{cut}{section.A.10}% 320
\BOOKMARK [2][-]{subsection.A.10.3}{dimension}{section.A.10}% 321
\BOOKMARK [2][-]{subsection.A.10.4}{display}{section.A.10}% 322
\BOOKMARK [2][-]{subsection.A.10.5}{evolve}{section.A.10}% 323
\BOOKMARK [2][-]{subsection.A.10.6}{getAbsTol}{section.A.10}% 324
\BOOKMARK [2][-]{subsection.A.10.7}{getCopy}{section.A.10}% 325
\BOOKMARK [2][-]{subsection.A.10.8}{getEaScaleFactor}{section.A.10}% 326
\BOOKMARK [2][-]{subsection.A.10.9}{getEllTubeRel}{section.A.10}% 327
\BOOKMARK [2][-]{subsection.A.10.10}{getEllTubeUnionRel}{section.A.10}% 328
\BOOKMARK [2][-]{subsection.A.10.11}{getIaScaleFactor}{section.A.10}% 329
\BOOKMARK [2][-]{subsection.A.10.12}{getInitialSet}{section.A.10}% 330
\BOOKMARK [2][-]{subsection.A.10.13}{getNPlot2dPoints}{section.A.10}% 331
\BOOKMARK [2][-]{subsection.A.10.14}{getNPlot3dPoints}{section.A.10}% 332
\BOOKMARK [2][-]{subsection.A.10.15}{getNTimeGridPoints}{section.A.10}% 333
\BOOKMARK [2][-]{subsection.A.10.16}{getRelTol}{section.A.10}% 334
\BOOKMARK [2][-]{subsection.A.10.17}{getSwitchTimeVec}{section.A.10}% 335
\BOOKMARK [2][-]{subsection.A.10.18}{get\137center}{section.A.10}% 336
\BOOKMARK [2][-]{subsection.A.10.19}{get\137directions}{section.A.10}% 337
\BOOKMARK [2][-]{subsection.A.10.20}{get\137ea}{section.A.10}% 338
\BOOKMARK [2][-]{subsection.A.10.21}{get\137goodcurves}{section.A.10}% 339
\BOOKMARK [2][-]{subsection.A.10.22}{get\137ia}{section.A.10}% 340
\BOOKMARK [2][-]{subsection.A.10.23}{get\137system}{section.A.10}% 341
\BOOKMARK [2][-]{subsection.A.10.24}{intersect}{section.A.10}% 342
\BOOKMARK [2][-]{subsection.A.10.25}{isEmpty}{section.A.10}% 343
\BOOKMARK [2][-]{subsection.A.10.26}{isEqual}{section.A.10}% 344
\BOOKMARK [2][-]{subsection.A.10.27}{isbackward}{section.A.10}% 345
\BOOKMARK [2][-]{subsection.A.10.28}{iscut}{section.A.10}% 346
\BOOKMARK [2][-]{subsection.A.10.29}{isprojection}{section.A.10}% 347
\BOOKMARK [2][-]{subsection.A.10.30}{plotByEa}{section.A.10}% 348
\BOOKMARK [2][-]{subsection.A.10.31}{plotByIa}{section.A.10}% 349
\BOOKMARK [2][-]{subsection.A.10.32}{plotEa}{section.A.10}% 350
\BOOKMARK [2][-]{subsection.A.10.33}{plotIa}{section.A.10}% 351
\BOOKMARK [2][-]{subsection.A.10.34}{projection}{section.A.10}% 352
\BOOKMARK [2][-]{subsection.A.10.35}{refine}{section.A.10}% 353
\BOOKMARK [2][-]{subsection.A.10.36}{repMat}{section.A.10}% 354
\BOOKMARK [1][-]{section.A.11}{elltool.reach.ReachContinuous}{appendix.A}% 355
\BOOKMARK [2][-]{subsection.A.11.1}{ReachContinuous}{section.A.11}% 356
\BOOKMARK [1][-]{section.A.12}{elltool.reach.ReachDiscrete}{appendix.A}% 357
\BOOKMARK [2][-]{subsection.A.12.1}{ReachDiscrete}{section.A.12}% 358
\BOOKMARK [1][-]{section.A.13}{elltool.reach.ReachFactory}{appendix.A}% 359
\BOOKMARK [2][-]{subsection.A.13.1}{ReachFactory}{section.A.13}% 360
\BOOKMARK [2][-]{subsection.A.13.2}{createInstance}{section.A.13}% 361
\BOOKMARK [2][-]{subsection.A.13.3}{createSysInstance}{section.A.13}% 362
\BOOKMARK [2][-]{subsection.A.13.4}{getDim}{section.A.13}% 363
\BOOKMARK [2][-]{subsection.A.13.5}{getL0Mat}{section.A.13}% 364
\BOOKMARK [2][-]{subsection.A.13.6}{getLinSys}{section.A.13}% 365
\BOOKMARK [2][-]{subsection.A.13.7}{getTVec}{section.A.13}% 366
\BOOKMARK [2][-]{subsection.A.13.8}{getX0Ell}{section.A.13}% 367
\BOOKMARK [1][-]{section.A.14}{elltool.linsys.ALinSys}{appendix.A}% 368
\BOOKMARK [2][-]{subsection.A.14.1}{ALinSys}{section.A.14}% 369
\BOOKMARK [2][-]{subsection.A.14.2}{dimension}{section.A.14}% 370
\BOOKMARK [2][-]{subsection.A.14.3}{display}{section.A.14}% 371
\BOOKMARK [2][-]{subsection.A.14.4}{getAbsTol}{section.A.14}% 372
\BOOKMARK [2][-]{subsection.A.14.5}{getAtMat}{section.A.14}% 373
\BOOKMARK [2][-]{subsection.A.14.6}{getBtMat}{section.A.14}% 374
\BOOKMARK [2][-]{subsection.A.14.7}{getCopy}{section.A.14}% 375
\BOOKMARK [2][-]{subsection.A.14.8}{getCtMat}{section.A.14}% 376
\BOOKMARK [2][-]{subsection.A.14.9}{getDistBoundsEll}{section.A.14}% 377
\BOOKMARK [2][-]{subsection.A.14.10}{getUBoundsEll}{section.A.14}% 378
\BOOKMARK [2][-]{subsection.A.14.11}{hasDisturbance}{section.A.14}% 379
\BOOKMARK [2][-]{subsection.A.14.12}{isEmpty}{section.A.14}% 380
\BOOKMARK [2][-]{subsection.A.14.13}{isEqual}{section.A.14}% 381
\BOOKMARK [2][-]{subsection.A.14.14}{isLti}{section.A.14}% 382
\BOOKMARK [1][-]{section.A.15}{elltool.linsys.LinSysContinuous}{appendix.A}% 383
\BOOKMARK [2][-]{subsection.A.15.1}{LinSysContinuous}{section.A.15}% 384
\BOOKMARK [1][-]{section.A.16}{elltool.linsys.LinSysDiscrete}{appendix.A}% 385
\BOOKMARK [2][-]{subsection.A.16.1}{LinSysDiscrete}{section.A.16}% 386
\BOOKMARK [1][-]{section.A.17}{elltool.linsys.LinSysFactory}{appendix.A}% 387
\BOOKMARK [2][-]{subsection.A.17.1}{LinSysFactory}{section.A.17}% 388
\BOOKMARK [2][-]{subsection.A.17.2}{create}{section.A.17}% 389
